{"name":"main","hostname":"CATHY","pid":6136,"level":30,"msg":"setting up database","time":"2015-07-19T16:30:07.068Z","v":0}
{"name":"main","hostname":"CATHY","pid":6136,"level":20,"msg":"processing metadata file Address.json","time":"2015-07-19T16:30:07.131Z","v":0}
{"name":"main","hostname":"CATHY","pid":6136,"level":20,"msg":"processing metadata file AddressType.json","time":"2015-07-19T16:30:07.146Z","v":0}
{"name":"main","hostname":"CATHY","pid":6136,"level":20,"msg":"processing metadata file DocumentDefinition.json","time":"2015-07-19T16:30:07.146Z","v":0}
{"name":"main","hostname":"CATHY","pid":6136,"level":20,"msg":"processing metadata file DocumentInstance.json","time":"2015-07-19T16:30:07.146Z","v":0}
{"name":"main","hostname":"CATHY","pid":6136,"level":20,"msg":"processing metadata file Educator.json","time":"2015-07-19T16:30:07.146Z","v":0}
{"name":"main","hostname":"CATHY","pid":6136,"level":20,"msg":"processing metadata file EducatorAddress.json","time":"2015-07-19T16:30:07.146Z","v":0}
{"name":"main","hostname":"CATHY","pid":6136,"level":20,"msg":"processing metadata file Organization.json","time":"2015-07-19T16:30:07.146Z","v":0}
{"name":"main","hostname":"CATHY","pid":6136,"level":20,"msg":"processing metadata file OrganizationAddress.json","time":"2015-07-19T16:30:07.146Z","v":0}
{"name":"main","hostname":"CATHY","pid":6136,"level":20,"msg":"processing metadata file OrganizationType.json","time":"2015-07-19T16:30:07.146Z","v":0}
{"name":"main","hostname":"CATHY","pid":6136,"level":20,"msg":"processing metadata file Tenure.json","time":"2015-07-19T16:30:07.146Z","v":0}
{"name":"main","hostname":"CATHY","pid":6136,"level":20,"msg":"processing metadata file User.json","time":"2015-07-19T16:30:07.146Z","v":0}
{"name":"main","hostname":"CATHY","pid":6136,"level":20,"msg":"processing metadata file UserEducatorAuthorization.json","time":"2015-07-19T16:30:07.146Z","v":0}
{"name":"main","hostname":"CATHY","pid":6136,"level":20,"msg":"processing metadata file UserOrganizationAuthorization.json","time":"2015-07-19T16:30:07.146Z","v":0}
{"name":"main","hostname":"CATHY","pid":6136,"level":20,"msg":"setting up relationsips","time":"2015-07-19T16:30:07.146Z","v":0}
{"name":"main","hostname":"CATHY","pid":6136,"level":20,"msg":"Educator hasMany EducatorAddress","time":"2015-07-19T16:30:07.146Z","v":0}
{"name":"main","hostname":"CATHY","pid":6136,"level":20,"msg":"Educator hasMany Tenure","time":"2015-07-19T16:30:07.146Z","v":0}
{"name":"main","hostname":"CATHY","pid":6136,"level":20,"msg":"EducatorAddress hasOne Address","time":"2015-07-19T16:30:07.146Z","v":0}
{"name":"main","hostname":"CATHY","pid":8648,"level":30,"msg":"setting up database","time":"2015-07-19T16:34:41.683Z","v":0}
{"name":"main","hostname":"CATHY","pid":8648,"level":20,"msg":"processing metadata file Address.json","time":"2015-07-19T16:34:41.740Z","v":0}
{"name":"main","hostname":"CATHY","pid":8648,"level":20,"msg":"processing metadata file AddressType.json","time":"2015-07-19T16:34:41.745Z","v":0}
{"name":"main","hostname":"CATHY","pid":8648,"level":20,"msg":"processing metadata file DocumentDefinition.json","time":"2015-07-19T16:34:41.748Z","v":0}
{"name":"main","hostname":"CATHY","pid":8648,"level":20,"msg":"processing metadata file DocumentInstance.json","time":"2015-07-19T16:34:41.749Z","v":0}
{"name":"main","hostname":"CATHY","pid":8648,"level":20,"msg":"processing metadata file Educator.json","time":"2015-07-19T16:34:41.750Z","v":0}
{"name":"main","hostname":"CATHY","pid":8648,"level":20,"msg":"processing metadata file EducatorAddress.json","time":"2015-07-19T16:34:41.751Z","v":0}
{"name":"main","hostname":"CATHY","pid":8648,"level":20,"msg":"processing metadata file Organization.json","time":"2015-07-19T16:34:41.752Z","v":0}
{"name":"main","hostname":"CATHY","pid":8648,"level":20,"msg":"processing metadata file OrganizationAddress.json","time":"2015-07-19T16:34:41.753Z","v":0}
{"name":"main","hostname":"CATHY","pid":8648,"level":20,"msg":"processing metadata file OrganizationType.json","time":"2015-07-19T16:34:41.753Z","v":0}
{"name":"main","hostname":"CATHY","pid":8648,"level":20,"msg":"processing metadata file Tenure.json","time":"2015-07-19T16:34:41.754Z","v":0}
{"name":"main","hostname":"CATHY","pid":8648,"level":20,"msg":"processing metadata file User.json","time":"2015-07-19T16:34:41.755Z","v":0}
{"name":"main","hostname":"CATHY","pid":8648,"level":20,"msg":"processing metadata file UserEducatorAuthorization.json","time":"2015-07-19T16:34:41.756Z","v":0}
{"name":"main","hostname":"CATHY","pid":8648,"level":20,"msg":"processing metadata file UserOrganizationAuthorization.json","time":"2015-07-19T16:34:41.756Z","v":0}
{"name":"main","hostname":"CATHY","pid":8648,"level":20,"msg":"setting up relationsips","time":"2015-07-19T16:34:41.757Z","v":0}
{"name":"main","hostname":"CATHY","pid":8648,"level":20,"msg":"Educator hasMany EducatorAddress","time":"2015-07-19T16:34:41.757Z","v":0}
{"name":"main","hostname":"CATHY","pid":8648,"level":20,"msg":"Educator hasMany Tenure","time":"2015-07-19T16:34:41.761Z","v":0}
{"name":"main","hostname":"CATHY","pid":8648,"level":20,"msg":"EducatorAddress hasOne Address","time":"2015-07-19T16:34:41.765Z","v":0}
{"name":"main","hostname":"CATHY","pid":8156,"level":30,"msg":"setting up database","time":"2015-07-19T16:35:17.715Z","v":0}
{"name":"main","hostname":"CATHY","pid":8156,"level":20,"msg":"processing metadata file Address.json","time":"2015-07-19T16:35:17.772Z","v":0}
{"name":"main","hostname":"CATHY","pid":8156,"level":20,"msg":"processing metadata file AddressType.json","time":"2015-07-19T16:35:17.777Z","v":0}
{"name":"main","hostname":"CATHY","pid":8156,"level":20,"msg":"processing metadata file DocumentDefinition.json","time":"2015-07-19T16:35:17.780Z","v":0}
{"name":"main","hostname":"CATHY","pid":8156,"level":20,"msg":"processing metadata file DocumentInstance.json","time":"2015-07-19T16:35:17.781Z","v":0}
{"name":"main","hostname":"CATHY","pid":8156,"level":20,"msg":"processing metadata file Educator.json","time":"2015-07-19T16:35:17.782Z","v":0}
{"name":"main","hostname":"CATHY","pid":8156,"level":20,"msg":"processing metadata file EducatorAddress.json","time":"2015-07-19T16:35:17.783Z","v":0}
{"name":"main","hostname":"CATHY","pid":8156,"level":20,"msg":"processing metadata file Organization.json","time":"2015-07-19T16:35:17.783Z","v":0}
{"name":"main","hostname":"CATHY","pid":8156,"level":20,"msg":"processing metadata file OrganizationAddress.json","time":"2015-07-19T16:35:17.784Z","v":0}
{"name":"main","hostname":"CATHY","pid":8156,"level":20,"msg":"processing metadata file OrganizationType.json","time":"2015-07-19T16:35:17.785Z","v":0}
{"name":"main","hostname":"CATHY","pid":8156,"level":20,"msg":"processing metadata file Tenure.json","time":"2015-07-19T16:35:17.786Z","v":0}
{"name":"main","hostname":"CATHY","pid":8156,"level":20,"msg":"processing metadata file User.json","time":"2015-07-19T16:35:17.787Z","v":0}
{"name":"main","hostname":"CATHY","pid":8156,"level":20,"msg":"processing metadata file UserEducatorAuthorization.json","time":"2015-07-19T16:35:17.788Z","v":0}
{"name":"main","hostname":"CATHY","pid":8156,"level":20,"msg":"processing metadata file UserOrganizationAuthorization.json","time":"2015-07-19T16:35:17.788Z","v":0}
{"name":"main","hostname":"CATHY","pid":8156,"level":20,"msg":"setting up relationsips","time":"2015-07-19T16:35:17.789Z","v":0}
{"name":"main","hostname":"CATHY","pid":8156,"level":20,"msg":"Educator hasMany EducatorAddress","time":"2015-07-19T16:35:17.789Z","v":0}
{"name":"main","hostname":"CATHY","pid":8156,"level":20,"msg":"Educator hasMany Tenure","time":"2015-07-19T16:35:17.793Z","v":0}
{"name":"main","hostname":"CATHY","pid":8156,"level":20,"msg":"EducatorAddress hasOne Address","time":"2015-07-19T16:35:17.797Z","v":0}
{"name":"main","hostname":"CATHY","pid":8560,"level":30,"msg":"setting up database","time":"2015-07-19T16:36:29.887Z","v":0}
{"name":"main","hostname":"CATHY","pid":8560,"level":20,"msg":"processing metadata file Address.json","time":"2015-07-19T16:36:29.949Z","v":0}
{"name":"main","hostname":"CATHY","pid":8560,"level":20,"msg":"processing metadata file AddressType.json","time":"2015-07-19T16:36:29.949Z","v":0}
{"name":"main","hostname":"CATHY","pid":8560,"level":20,"msg":"processing metadata file DocumentDefinition.json","time":"2015-07-19T16:36:29.949Z","v":0}
{"name":"main","hostname":"CATHY","pid":8560,"level":20,"msg":"processing metadata file DocumentInstance.json","time":"2015-07-19T16:36:29.949Z","v":0}
{"name":"main","hostname":"CATHY","pid":8560,"level":20,"msg":"processing metadata file Educator.json","time":"2015-07-19T16:36:29.949Z","v":0}
{"name":"main","hostname":"CATHY","pid":8560,"level":20,"msg":"processing metadata file EducatorAddress.json","time":"2015-07-19T16:36:29.949Z","v":0}
{"name":"main","hostname":"CATHY","pid":8560,"level":20,"msg":"processing metadata file Organization.json","time":"2015-07-19T16:36:29.949Z","v":0}
{"name":"main","hostname":"CATHY","pid":8560,"level":20,"msg":"processing metadata file OrganizationAddress.json","time":"2015-07-19T16:36:29.949Z","v":0}
{"name":"main","hostname":"CATHY","pid":8560,"level":20,"msg":"processing metadata file OrganizationType.json","time":"2015-07-19T16:36:29.949Z","v":0}
{"name":"main","hostname":"CATHY","pid":8560,"level":20,"msg":"processing metadata file Tenure.json","time":"2015-07-19T16:36:29.949Z","v":0}
{"name":"main","hostname":"CATHY","pid":8560,"level":20,"msg":"processing metadata file User.json","time":"2015-07-19T16:36:29.965Z","v":0}
{"name":"main","hostname":"CATHY","pid":8560,"level":20,"msg":"processing metadata file UserEducatorAuthorization.json","time":"2015-07-19T16:36:29.965Z","v":0}
{"name":"main","hostname":"CATHY","pid":8560,"level":20,"msg":"processing metadata file UserOrganizationAuthorization.json","time":"2015-07-19T16:36:29.965Z","v":0}
{"name":"main","hostname":"CATHY","pid":8560,"level":20,"msg":"setting up relationsips","time":"2015-07-19T16:36:29.965Z","v":0}
{"name":"main","hostname":"CATHY","pid":8560,"level":20,"msg":"Educator hasMany EducatorAddress","time":"2015-07-19T16:36:29.965Z","v":0}
{"name":"main","hostname":"CATHY","pid":8560,"level":20,"msg":"Educator hasMany Tenure","time":"2015-07-19T16:36:29.965Z","v":0}
{"name":"main","hostname":"CATHY","pid":8560,"level":20,"msg":"EducatorAddress hasOne Address","time":"2015-07-19T16:36:29.965Z","v":0}
{"name":"main","hostname":"CATHY","pid":8560,"level":20,"msg":"EducatorAddress hasOne AddressType","time":"2015-07-19T16:36:29.965Z","v":0}
{"name":"main","hostname":"CATHY","pid":1216,"level":30,"msg":"setting up database","time":"2015-07-19T16:37:08.455Z","v":0}
{"name":"main","hostname":"CATHY","pid":1216,"level":20,"msg":"processing metadata file Address.json","time":"2015-07-19T16:37:08.518Z","v":0}
{"name":"main","hostname":"CATHY","pid":1216,"level":20,"msg":"processing metadata file AddressType.json","time":"2015-07-19T16:37:08.522Z","v":0}
{"name":"main","hostname":"CATHY","pid":1216,"level":20,"msg":"processing metadata file DocumentDefinition.json","time":"2015-07-19T16:37:08.522Z","v":0}
{"name":"main","hostname":"CATHY","pid":1216,"level":20,"msg":"processing metadata file DocumentInstance.json","time":"2015-07-19T16:37:08.522Z","v":0}
{"name":"main","hostname":"CATHY","pid":1216,"level":20,"msg":"processing metadata file Educator.json","time":"2015-07-19T16:37:08.522Z","v":0}
{"name":"main","hostname":"CATHY","pid":1216,"level":20,"msg":"processing metadata file EducatorAddress.json","time":"2015-07-19T16:37:08.522Z","v":0}
{"name":"main","hostname":"CATHY","pid":1216,"level":20,"msg":"processing metadata file Organization.json","time":"2015-07-19T16:37:08.522Z","v":0}
{"name":"main","hostname":"CATHY","pid":1216,"level":20,"msg":"processing metadata file OrganizationAddress.json","time":"2015-07-19T16:37:08.522Z","v":0}
{"name":"main","hostname":"CATHY","pid":1216,"level":20,"msg":"processing metadata file OrganizationType.json","time":"2015-07-19T16:37:08.522Z","v":0}
{"name":"main","hostname":"CATHY","pid":1216,"level":20,"msg":"processing metadata file Tenure.json","time":"2015-07-19T16:37:08.522Z","v":0}
{"name":"main","hostname":"CATHY","pid":1216,"level":20,"msg":"processing metadata file User.json","time":"2015-07-19T16:37:08.522Z","v":0}
{"name":"main","hostname":"CATHY","pid":1216,"level":20,"msg":"processing metadata file UserEducatorAuthorization.json","time":"2015-07-19T16:37:08.522Z","v":0}
{"name":"main","hostname":"CATHY","pid":1216,"level":20,"msg":"processing metadata file UserOrganizationAuthorization.json","time":"2015-07-19T16:37:08.522Z","v":0}
{"name":"main","hostname":"CATHY","pid":1216,"level":20,"msg":"setting up relationsips","time":"2015-07-19T16:37:08.522Z","v":0}
{"name":"main","hostname":"CATHY","pid":1216,"level":20,"msg":"Educator hasMany EducatorAddress","time":"2015-07-19T16:37:08.522Z","v":0}
{"name":"main","hostname":"CATHY","pid":1216,"level":20,"msg":"Educator hasMany Tenure","time":"2015-07-19T16:37:08.522Z","v":0}
{"name":"main","hostname":"CATHY","pid":1216,"level":20,"msg":"EducatorAddress hasOne Address","time":"2015-07-19T16:37:08.538Z","v":0}
{"name":"main","hostname":"CATHY","pid":3156,"level":30,"msg":"setting up database","time":"2015-07-19T16:40:57.250Z","v":0}
{"name":"main","hostname":"CATHY","pid":3156,"level":20,"msg":"processing metadata file Address.json","time":"2015-07-19T16:40:57.312Z","v":0}
{"name":"main","hostname":"CATHY","pid":3156,"level":20,"msg":"processing metadata file AddressType.json","time":"2015-07-19T16:40:57.312Z","v":0}
{"name":"main","hostname":"CATHY","pid":3156,"level":20,"msg":"processing metadata file DocumentDefinition.json","time":"2015-07-19T16:40:57.312Z","v":0}
{"name":"main","hostname":"CATHY","pid":3156,"level":20,"msg":"processing metadata file DocumentInstance.json","time":"2015-07-19T16:40:57.312Z","v":0}
{"name":"main","hostname":"CATHY","pid":3156,"level":20,"msg":"processing metadata file Educator.json","time":"2015-07-19T16:40:57.328Z","v":0}
{"name":"main","hostname":"CATHY","pid":3156,"level":20,"msg":"processing metadata file EducatorAddress.json","time":"2015-07-19T16:40:57.328Z","v":0}
{"name":"main","hostname":"CATHY","pid":3156,"level":20,"msg":"processing metadata file Organization.json","time":"2015-07-19T16:40:57.328Z","v":0}
{"name":"main","hostname":"CATHY","pid":3156,"level":20,"msg":"processing metadata file OrganizationAddress.json","time":"2015-07-19T16:40:57.328Z","v":0}
{"name":"main","hostname":"CATHY","pid":3156,"level":20,"msg":"processing metadata file OrganizationType.json","time":"2015-07-19T16:40:57.328Z","v":0}
{"name":"main","hostname":"CATHY","pid":3156,"level":20,"msg":"processing metadata file Tenure.json","time":"2015-07-19T16:40:57.328Z","v":0}
{"name":"main","hostname":"CATHY","pid":3156,"level":20,"msg":"processing metadata file User.json","time":"2015-07-19T16:40:57.328Z","v":0}
{"name":"main","hostname":"CATHY","pid":3156,"level":20,"msg":"processing metadata file UserEducatorAuthorization.json","time":"2015-07-19T16:40:57.328Z","v":0}
{"name":"main","hostname":"CATHY","pid":3156,"level":20,"msg":"processing metadata file UserOrganizationAuthorization.json","time":"2015-07-19T16:40:57.328Z","v":0}
{"name":"main","hostname":"CATHY","pid":3156,"level":20,"msg":"setting up relationsips","time":"2015-07-19T16:40:57.328Z","v":0}
{"name":"main","hostname":"CATHY","pid":3156,"level":20,"msg":"Educator hasMany EducatorAddress","time":"2015-07-19T16:40:57.328Z","v":0}
{"name":"main","hostname":"CATHY","pid":3156,"level":20,"msg":"Educator hasMany Tenure","time":"2015-07-19T16:40:57.328Z","v":0}
{"name":"main","hostname":"CATHY","pid":3156,"level":20,"msg":"EducatorAddress hasOne Address","time":"2015-07-19T16:40:57.328Z","v":0}
{"name":"main","hostname":"CATHY","pid":3156,"level":20,"msg":"EducatorAddress belongsTo AddressType","time":"2015-07-19T16:40:57.328Z","v":0}
{"name":"main","hostname":"CATHY","pid":4736,"level":30,"msg":"setting up database","time":"2015-07-19T16:51:19.919Z","v":0}
{"name":"main","hostname":"CATHY","pid":4736,"level":20,"msg":"processing metadata file Address.json","time":"2015-07-19T16:51:19.966Z","v":0}
{"name":"main","hostname":"CATHY","pid":4736,"level":20,"msg":"processing metadata file AddressType.json","time":"2015-07-19T16:51:19.970Z","v":0}
{"name":"main","hostname":"CATHY","pid":4736,"level":20,"msg":"processing metadata file DocumentDefinition.json","time":"2015-07-19T16:51:19.972Z","v":0}
{"name":"main","hostname":"CATHY","pid":4736,"level":20,"msg":"processing metadata file DocumentInstance.json","time":"2015-07-19T16:51:19.974Z","v":0}
{"name":"main","hostname":"CATHY","pid":4736,"level":20,"msg":"processing metadata file Educator.json","time":"2015-07-19T16:51:19.974Z","v":0}
{"name":"main","hostname":"CATHY","pid":4736,"level":20,"msg":"processing metadata file EducatorAddress.json","time":"2015-07-19T16:51:19.975Z","v":0}
{"name":"main","hostname":"CATHY","pid":4736,"level":20,"msg":"processing metadata file Organization.json","time":"2015-07-19T16:51:19.975Z","v":0}
{"name":"main","hostname":"CATHY","pid":4736,"level":20,"msg":"processing metadata file OrganizationAddress.json","time":"2015-07-19T16:51:19.976Z","v":0}
{"name":"main","hostname":"CATHY","pid":4736,"level":20,"msg":"processing metadata file OrganizationType.json","time":"2015-07-19T16:51:19.976Z","v":0}
{"name":"main","hostname":"CATHY","pid":4736,"level":20,"msg":"processing metadata file Tenure.json","time":"2015-07-19T16:51:19.977Z","v":0}
{"name":"main","hostname":"CATHY","pid":4736,"level":20,"msg":"processing metadata file User.json","time":"2015-07-19T16:51:19.978Z","v":0}
{"name":"main","hostname":"CATHY","pid":4736,"level":20,"msg":"processing metadata file UserEducatorAuthorization.json","time":"2015-07-19T16:51:19.978Z","v":0}
{"name":"main","hostname":"CATHY","pid":4736,"level":20,"msg":"processing metadata file UserOrganizationAuthorization.json","time":"2015-07-19T16:51:19.979Z","v":0}
{"name":"main","hostname":"CATHY","pid":4736,"level":20,"msg":"setting up relationsips","time":"2015-07-19T16:51:19.979Z","v":0}
{"name":"main","hostname":"CATHY","pid":4736,"level":20,"msg":"Educator hasMany EducatorAddress","time":"2015-07-19T16:51:19.980Z","v":0}
{"name":"main","hostname":"CATHY","pid":4736,"level":20,"msg":"Educator hasMany Tenure","time":"2015-07-19T16:51:19.982Z","v":0}
{"name":"main","hostname":"CATHY","pid":4736,"level":20,"msg":"EducatorAddress hasOne Address","time":"2015-07-19T16:51:19.984Z","v":0}
{"name":"main","hostname":"CATHY","pid":4736,"level":20,"msg":"EducatorAddress belongsTo AddressType","time":"2015-07-19T16:51:19.985Z","v":0}
{"name":"main","hostname":"CATHY","pid":2880,"level":30,"msg":"setting up database","time":"2015-07-19T16:53:09.839Z","v":0}
{"name":"main","hostname":"CATHY","pid":2880,"level":20,"msg":"processing metadata file Address.json","time":"2015-07-19T16:53:09.889Z","v":0}
{"name":"main","hostname":"CATHY","pid":2880,"level":20,"msg":"processing metadata file AddressType.json","time":"2015-07-19T16:53:09.893Z","v":0}
{"name":"main","hostname":"CATHY","pid":2880,"level":20,"msg":"processing metadata file DocumentDefinition.json","time":"2015-07-19T16:53:09.895Z","v":0}
{"name":"main","hostname":"CATHY","pid":2880,"level":20,"msg":"processing metadata file DocumentInstance.json","time":"2015-07-19T16:53:09.897Z","v":0}
{"name":"main","hostname":"CATHY","pid":2880,"level":20,"msg":"processing metadata file Educator.json","time":"2015-07-19T16:53:09.897Z","v":0}
{"name":"main","hostname":"CATHY","pid":2880,"level":20,"msg":"processing metadata file EducatorAddress.json","time":"2015-07-19T16:53:09.898Z","v":0}
{"name":"main","hostname":"CATHY","pid":2880,"level":20,"msg":"processing metadata file Organization.json","time":"2015-07-19T16:53:09.899Z","v":0}
{"name":"main","hostname":"CATHY","pid":2880,"level":20,"msg":"processing metadata file OrganizationAddress.json","time":"2015-07-19T16:53:09.899Z","v":0}
{"name":"main","hostname":"CATHY","pid":2880,"level":20,"msg":"processing metadata file OrganizationType.json","time":"2015-07-19T16:53:09.900Z","v":0}
{"name":"main","hostname":"CATHY","pid":2880,"level":20,"msg":"processing metadata file Tenure.json","time":"2015-07-19T16:53:09.901Z","v":0}
{"name":"main","hostname":"CATHY","pid":2880,"level":20,"msg":"processing metadata file User.json","time":"2015-07-19T16:53:09.901Z","v":0}
{"name":"main","hostname":"CATHY","pid":2880,"level":20,"msg":"processing metadata file UserEducatorAuthorization.json","time":"2015-07-19T16:53:09.902Z","v":0}
{"name":"main","hostname":"CATHY","pid":2880,"level":20,"msg":"processing metadata file UserOrganizationAuthorization.json","time":"2015-07-19T16:53:09.903Z","v":0}
{"name":"main","hostname":"CATHY","pid":2880,"level":20,"msg":"setting up relationsips","time":"2015-07-19T16:53:09.903Z","v":0}
{"name":"main","hostname":"CATHY","pid":2880,"level":20,"msg":"Educator hasMany EducatorAddress","time":"2015-07-19T16:53:09.903Z","v":0}
{"name":"main","hostname":"CATHY","pid":2880,"level":20,"msg":"Educator hasMany Tenure","time":"2015-07-19T16:53:09.906Z","v":0}
{"name":"main","hostname":"CATHY","pid":2880,"level":20,"msg":"EducatorAddress hasOne Address","time":"2015-07-19T16:53:09.908Z","v":0}
{"name":"main","hostname":"CATHY","pid":2880,"level":20,"msg":"EducatorAddress belongsTo AddressType","time":"2015-07-19T16:53:09.908Z","v":0}
{"name":"main","hostname":"CATHY","pid":8732,"level":30,"msg":"setting up database","time":"2015-07-19T16:54:49.356Z","v":0}
{"name":"main","hostname":"CATHY","pid":8732,"level":20,"msg":"processing metadata file Address.json","time":"2015-07-19T16:54:49.403Z","v":0}
{"name":"main","hostname":"CATHY","pid":8732,"level":20,"msg":"processing metadata file AddressType.json","time":"2015-07-19T16:54:49.406Z","v":0}
{"name":"main","hostname":"CATHY","pid":8732,"level":20,"msg":"processing metadata file DocumentDefinition.json","time":"2015-07-19T16:54:49.409Z","v":0}
{"name":"main","hostname":"CATHY","pid":8732,"level":20,"msg":"processing metadata file DocumentInstance.json","time":"2015-07-19T16:54:49.410Z","v":0}
{"name":"main","hostname":"CATHY","pid":8732,"level":20,"msg":"processing metadata file Educator.json","time":"2015-07-19T16:54:49.410Z","v":0}
{"name":"main","hostname":"CATHY","pid":8732,"level":20,"msg":"processing metadata file EducatorAddress.json","time":"2015-07-19T16:54:49.411Z","v":0}
{"name":"main","hostname":"CATHY","pid":8732,"level":20,"msg":"processing metadata file Organization.json","time":"2015-07-19T16:54:49.411Z","v":0}
{"name":"main","hostname":"CATHY","pid":8732,"level":20,"msg":"processing metadata file OrganizationAddress.json","time":"2015-07-19T16:54:49.412Z","v":0}
{"name":"main","hostname":"CATHY","pid":8732,"level":20,"msg":"processing metadata file OrganizationType.json","time":"2015-07-19T16:54:49.413Z","v":0}
{"name":"main","hostname":"CATHY","pid":8732,"level":20,"msg":"processing metadata file Tenure.json","time":"2015-07-19T16:54:49.413Z","v":0}
{"name":"main","hostname":"CATHY","pid":8732,"level":20,"msg":"processing metadata file User.json","time":"2015-07-19T16:54:49.414Z","v":0}
{"name":"main","hostname":"CATHY","pid":8732,"level":20,"msg":"processing metadata file UserEducatorAuthorization.json","time":"2015-07-19T16:54:49.414Z","v":0}
{"name":"main","hostname":"CATHY","pid":8732,"level":20,"msg":"processing metadata file UserOrganizationAuthorization.json","time":"2015-07-19T16:54:49.415Z","v":0}
{"name":"main","hostname":"CATHY","pid":8732,"level":20,"msg":"setting up relationsips","time":"2015-07-19T16:54:49.415Z","v":0}
{"name":"main","hostname":"CATHY","pid":8732,"level":20,"msg":"Educator hasMany EducatorAddress","time":"2015-07-19T16:54:49.416Z","v":0}
{"name":"main","hostname":"CATHY","pid":8732,"level":20,"msg":"Educator hasMany Tenure","time":"2015-07-19T16:54:49.418Z","v":0}
{"name":"main","hostname":"CATHY","pid":8732,"level":20,"msg":"EducatorAddress hasOne Address","time":"2015-07-19T16:54:49.420Z","v":0}
{"name":"main","hostname":"CATHY","pid":8732,"level":20,"msg":"EducatorAddress belongsTo AddressType","time":"2015-07-19T16:54:49.421Z","v":0}
{"name":"main","hostname":"CATHY","pid":6436,"level":30,"msg":"setting up database","time":"2015-07-19T17:05:46.146Z","v":0}
{"name":"main","hostname":"CATHY","pid":6436,"level":20,"msg":"processing metadata file Address.json","time":"2015-07-19T17:05:46.193Z","v":0}
{"name":"main","hostname":"CATHY","pid":6436,"level":20,"msg":"processing metadata file AddressType.json","time":"2015-07-19T17:05:46.208Z","v":0}
{"name":"main","hostname":"CATHY","pid":6436,"level":20,"msg":"processing metadata file DocumentDefinition.json","time":"2015-07-19T17:05:46.208Z","v":0}
{"name":"main","hostname":"CATHY","pid":6436,"level":20,"msg":"processing metadata file DocumentInstance.json","time":"2015-07-19T17:05:46.208Z","v":0}
{"name":"main","hostname":"CATHY","pid":6436,"level":20,"msg":"processing metadata file Educator.json","time":"2015-07-19T17:05:46.208Z","v":0}
{"name":"main","hostname":"CATHY","pid":6436,"level":20,"msg":"processing metadata file EducatorAddress.json","time":"2015-07-19T17:05:46.208Z","v":0}
{"name":"main","hostname":"CATHY","pid":6436,"level":20,"msg":"processing metadata file Organization.json","time":"2015-07-19T17:05:46.208Z","v":0}
{"name":"main","hostname":"CATHY","pid":6436,"level":20,"msg":"processing metadata file OrganizationAddress.json","time":"2015-07-19T17:05:46.208Z","v":0}
{"name":"main","hostname":"CATHY","pid":6436,"level":20,"msg":"processing metadata file OrganizationType.json","time":"2015-07-19T17:05:46.208Z","v":0}
{"name":"main","hostname":"CATHY","pid":6436,"level":20,"msg":"processing metadata file Tenure.json","time":"2015-07-19T17:05:46.208Z","v":0}
{"name":"main","hostname":"CATHY","pid":6436,"level":20,"msg":"processing metadata file User.json","time":"2015-07-19T17:05:46.208Z","v":0}
{"name":"main","hostname":"CATHY","pid":6436,"level":20,"msg":"processing metadata file UserEducatorAuthorization.json","time":"2015-07-19T17:05:46.208Z","v":0}
{"name":"main","hostname":"CATHY","pid":6436,"level":20,"msg":"processing metadata file UserOrganizationAuthorization.json","time":"2015-07-19T17:05:46.208Z","v":0}
{"name":"main","hostname":"CATHY","pid":6436,"level":20,"msg":"setting up relationsips","time":"2015-07-19T17:05:46.208Z","v":0}
{"name":"main","hostname":"CATHY","pid":6436,"level":20,"msg":"Educator hasMany EducatorAddress","time":"2015-07-19T17:05:46.208Z","v":0}
{"name":"main","hostname":"CATHY","pid":6436,"level":20,"msg":"Educator hasMany Tenure","time":"2015-07-19T17:05:46.208Z","v":0}
{"name":"main","hostname":"CATHY","pid":6436,"level":20,"msg":"EducatorAddress hasOne Address","time":"2015-07-19T17:05:46.208Z","v":0}
{"name":"main","hostname":"CATHY","pid":6436,"level":20,"msg":"EducatorAddress belongsTo AddressType","time":"2015-07-19T17:05:46.208Z","v":0}
{"name":"main","hostname":"CATHY","pid":9484,"level":30,"msg":"setting up database","time":"2015-07-19T17:06:49.079Z","v":0}
{"name":"main","hostname":"CATHY","pid":9484,"level":20,"msg":"processing metadata file Address.json","time":"2015-07-19T17:06:49.125Z","v":0}
{"name":"main","hostname":"CATHY","pid":9484,"level":20,"msg":"processing metadata file AddressType.json","time":"2015-07-19T17:06:49.141Z","v":0}
{"name":"main","hostname":"CATHY","pid":9484,"level":20,"msg":"processing metadata file DocumentDefinition.json","time":"2015-07-19T17:06:49.141Z","v":0}
{"name":"main","hostname":"CATHY","pid":9484,"level":20,"msg":"processing metadata file DocumentInstance.json","time":"2015-07-19T17:06:49.141Z","v":0}
{"name":"main","hostname":"CATHY","pid":9484,"level":20,"msg":"processing metadata file Educator.json","time":"2015-07-19T17:06:49.141Z","v":0}
{"name":"main","hostname":"CATHY","pid":9484,"level":20,"msg":"processing metadata file EducatorAddress.json","time":"2015-07-19T17:06:49.141Z","v":0}
{"name":"main","hostname":"CATHY","pid":9484,"level":20,"msg":"processing metadata file Organization.json","time":"2015-07-19T17:06:49.141Z","v":0}
{"name":"main","hostname":"CATHY","pid":9484,"level":20,"msg":"processing metadata file OrganizationAddress.json","time":"2015-07-19T17:06:49.141Z","v":0}
{"name":"main","hostname":"CATHY","pid":9484,"level":20,"msg":"processing metadata file OrganizationType.json","time":"2015-07-19T17:06:49.141Z","v":0}
{"name":"main","hostname":"CATHY","pid":9484,"level":20,"msg":"processing metadata file Tenure.json","time":"2015-07-19T17:06:49.141Z","v":0}
{"name":"main","hostname":"CATHY","pid":9484,"level":20,"msg":"processing metadata file User.json","time":"2015-07-19T17:06:49.141Z","v":0}
{"name":"main","hostname":"CATHY","pid":9484,"level":20,"msg":"processing metadata file UserEducatorAuthorization.json","time":"2015-07-19T17:06:49.141Z","v":0}
{"name":"main","hostname":"CATHY","pid":9484,"level":20,"msg":"processing metadata file UserOrganizationAuthorization.json","time":"2015-07-19T17:06:49.141Z","v":0}
{"name":"main","hostname":"CATHY","pid":9484,"level":20,"msg":"setting up relationsips","time":"2015-07-19T17:06:49.141Z","v":0}
{"name":"main","hostname":"CATHY","pid":9484,"level":20,"msg":"Educator hasMany EducatorAddress","time":"2015-07-19T17:06:49.141Z","v":0}
{"name":"main","hostname":"CATHY","pid":9484,"level":20,"msg":"Educator hasMany Tenure","time":"2015-07-19T17:06:49.141Z","v":0}
{"name":"main","hostname":"CATHY","pid":9484,"level":20,"msg":"EducatorAddress hasOne Address","time":"2015-07-19T17:06:49.141Z","v":0}
{"name":"main","hostname":"CATHY","pid":9484,"level":20,"msg":"EducatorAddress belongsTo AddressType","time":"2015-07-19T17:06:49.141Z","v":0}
{"name":"main","hostname":"CATHY","pid":6344,"level":30,"msg":"setting up database","time":"2015-07-19T17:07:31.830Z","v":0}
{"name":"main","hostname":"CATHY","pid":6344,"level":20,"msg":"processing metadata file Address.json","time":"2015-07-19T17:07:31.876Z","v":0}
{"name":"main","hostname":"CATHY","pid":6344,"level":20,"msg":"processing metadata file AddressType.json","time":"2015-07-19T17:07:31.879Z","v":0}
{"name":"main","hostname":"CATHY","pid":6344,"level":20,"msg":"processing metadata file DocumentDefinition.json","time":"2015-07-19T17:07:31.882Z","v":0}
{"name":"main","hostname":"CATHY","pid":6344,"level":20,"msg":"processing metadata file DocumentInstance.json","time":"2015-07-19T17:07:31.883Z","v":0}
{"name":"main","hostname":"CATHY","pid":6344,"level":20,"msg":"processing metadata file Educator.json","time":"2015-07-19T17:07:31.883Z","v":0}
{"name":"main","hostname":"CATHY","pid":6344,"level":20,"msg":"processing metadata file EducatorAddress.json","time":"2015-07-19T17:07:31.884Z","v":0}
{"name":"main","hostname":"CATHY","pid":6344,"level":20,"msg":"processing metadata file Organization.json","time":"2015-07-19T17:07:31.884Z","v":0}
{"name":"main","hostname":"CATHY","pid":6344,"level":20,"msg":"processing metadata file OrganizationAddress.json","time":"2015-07-19T17:07:31.885Z","v":0}
{"name":"main","hostname":"CATHY","pid":6344,"level":20,"msg":"processing metadata file OrganizationType.json","time":"2015-07-19T17:07:31.886Z","v":0}
{"name":"main","hostname":"CATHY","pid":6344,"level":20,"msg":"processing metadata file Tenure.json","time":"2015-07-19T17:07:31.886Z","v":0}
{"name":"main","hostname":"CATHY","pid":6344,"level":20,"msg":"processing metadata file User.json","time":"2015-07-19T17:07:31.887Z","v":0}
{"name":"main","hostname":"CATHY","pid":6344,"level":20,"msg":"processing metadata file UserEducatorAuthorization.json","time":"2015-07-19T17:07:31.887Z","v":0}
{"name":"main","hostname":"CATHY","pid":6344,"level":20,"msg":"processing metadata file UserOrganizationAuthorization.json","time":"2015-07-19T17:07:31.888Z","v":0}
{"name":"main","hostname":"CATHY","pid":6344,"level":20,"msg":"setting up relationsips","time":"2015-07-19T17:07:31.888Z","v":0}
{"name":"main","hostname":"CATHY","pid":6344,"level":20,"msg":"Educator hasMany EducatorAddress","time":"2015-07-19T17:07:31.888Z","v":0}
{"name":"main","hostname":"CATHY","pid":6344,"level":20,"msg":"Educator hasMany Tenure","time":"2015-07-19T17:07:31.891Z","v":0}
{"name":"main","hostname":"CATHY","pid":6344,"level":20,"msg":"EducatorAddress hasOne Address","time":"2015-07-19T17:07:31.893Z","v":0}
{"name":"main","hostname":"CATHY","pid":6344,"level":20,"msg":"EducatorAddress belongsTo AddressType","time":"2015-07-19T17:07:31.893Z","v":0}
{"name":"main","hostname":"CATHY","pid":7672,"level":30,"msg":"setting up database","time":"2015-07-19T17:08:19.630Z","v":0}
{"name":"main","hostname":"CATHY","pid":7672,"level":20,"msg":"processing metadata file Address.json","time":"2015-07-19T17:08:19.677Z","v":0}
{"name":"main","hostname":"CATHY","pid":7672,"level":20,"msg":"processing metadata file AddressType.json","time":"2015-07-19T17:08:19.680Z","v":0}
{"name":"main","hostname":"CATHY","pid":7672,"level":20,"msg":"processing metadata file DocumentDefinition.json","time":"2015-07-19T17:08:19.683Z","v":0}
{"name":"main","hostname":"CATHY","pid":7672,"level":20,"msg":"processing metadata file DocumentInstance.json","time":"2015-07-19T17:08:19.684Z","v":0}
{"name":"main","hostname":"CATHY","pid":7672,"level":20,"msg":"processing metadata file Educator.json","time":"2015-07-19T17:08:19.684Z","v":0}
{"name":"main","hostname":"CATHY","pid":7672,"level":20,"msg":"processing metadata file EducatorAddress.json","time":"2015-07-19T17:08:19.685Z","v":0}
{"name":"main","hostname":"CATHY","pid":7672,"level":20,"msg":"processing metadata file Organization.json","time":"2015-07-19T17:08:19.686Z","v":0}
{"name":"main","hostname":"CATHY","pid":7672,"level":20,"msg":"processing metadata file OrganizationAddress.json","time":"2015-07-19T17:08:19.686Z","v":0}
{"name":"main","hostname":"CATHY","pid":7672,"level":20,"msg":"processing metadata file OrganizationType.json","time":"2015-07-19T17:08:19.687Z","v":0}
{"name":"main","hostname":"CATHY","pid":7672,"level":20,"msg":"processing metadata file Tenure.json","time":"2015-07-19T17:08:19.687Z","v":0}
{"name":"main","hostname":"CATHY","pid":7672,"level":20,"msg":"processing metadata file User.json","time":"2015-07-19T17:08:19.688Z","v":0}
{"name":"main","hostname":"CATHY","pid":7672,"level":20,"msg":"processing metadata file UserEducatorAuthorization.json","time":"2015-07-19T17:08:19.689Z","v":0}
{"name":"main","hostname":"CATHY","pid":7672,"level":20,"msg":"processing metadata file UserOrganizationAuthorization.json","time":"2015-07-19T17:08:19.689Z","v":0}
{"name":"main","hostname":"CATHY","pid":7672,"level":20,"msg":"setting up relationsips","time":"2015-07-19T17:08:19.690Z","v":0}
{"name":"main","hostname":"CATHY","pid":7672,"level":20,"msg":"Educator hasMany EducatorAddress","time":"2015-07-19T17:08:19.690Z","v":0}
{"name":"main","hostname":"CATHY","pid":7672,"level":20,"msg":"Educator hasMany Tenure","time":"2015-07-19T17:08:19.693Z","v":0}
{"name":"main","hostname":"CATHY","pid":7672,"level":20,"msg":"EducatorAddress hasOne Address","time":"2015-07-19T17:08:19.694Z","v":0}
{"name":"main","hostname":"CATHY","pid":7672,"level":20,"msg":"EducatorAddress belongsTo AddressType","time":"2015-07-19T17:08:19.695Z","v":0}
{"name":"main","hostname":"CATHY","pid":9768,"level":30,"msg":"setting up database","time":"2015-07-19T17:10:21.982Z","v":0}
{"name":"main","hostname":"CATHY","pid":9768,"level":20,"msg":"processing metadata file Address.json","time":"2015-07-19T17:10:22.028Z","v":0}
{"name":"main","hostname":"CATHY","pid":9768,"level":20,"msg":"processing metadata file AddressType.json","time":"2015-07-19T17:10:22.028Z","v":0}
{"name":"main","hostname":"CATHY","pid":9768,"level":20,"msg":"processing metadata file DocumentDefinition.json","time":"2015-07-19T17:10:22.028Z","v":0}
{"name":"main","hostname":"CATHY","pid":9768,"level":20,"msg":"processing metadata file DocumentInstance.json","time":"2015-07-19T17:10:22.028Z","v":0}
{"name":"main","hostname":"CATHY","pid":9768,"level":20,"msg":"processing metadata file Educator.json","time":"2015-07-19T17:10:22.028Z","v":0}
{"name":"main","hostname":"CATHY","pid":9768,"level":20,"msg":"processing metadata file EducatorAddress.json","time":"2015-07-19T17:10:22.028Z","v":0}
{"name":"main","hostname":"CATHY","pid":9768,"level":20,"msg":"processing metadata file Organization.json","time":"2015-07-19T17:10:22.028Z","v":0}
{"name":"main","hostname":"CATHY","pid":9768,"level":20,"msg":"processing metadata file OrganizationAddress.json","time":"2015-07-19T17:10:22.028Z","v":0}
{"name":"main","hostname":"CATHY","pid":9768,"level":20,"msg":"processing metadata file OrganizationType.json","time":"2015-07-19T17:10:22.028Z","v":0}
{"name":"main","hostname":"CATHY","pid":9768,"level":20,"msg":"processing metadata file Tenure.json","time":"2015-07-19T17:10:22.028Z","v":0}
{"name":"main","hostname":"CATHY","pid":9768,"level":20,"msg":"processing metadata file User.json","time":"2015-07-19T17:10:22.028Z","v":0}
{"name":"main","hostname":"CATHY","pid":9768,"level":20,"msg":"processing metadata file UserEducatorAuthorization.json","time":"2015-07-19T17:10:22.028Z","v":0}
{"name":"main","hostname":"CATHY","pid":9768,"level":20,"msg":"processing metadata file UserOrganizationAuthorization.json","time":"2015-07-19T17:10:22.028Z","v":0}
{"name":"main","hostname":"CATHY","pid":9768,"level":20,"msg":"setting up relationsips","time":"2015-07-19T17:10:22.028Z","v":0}
{"name":"main","hostname":"CATHY","pid":9768,"level":20,"msg":"Educator hasMany EducatorAddress","time":"2015-07-19T17:10:22.028Z","v":0}
{"name":"main","hostname":"CATHY","pid":9768,"level":20,"msg":"Educator hasMany Tenure","time":"2015-07-19T17:10:22.044Z","v":0}
{"name":"main","hostname":"CATHY","pid":9768,"level":20,"msg":"EducatorAddress hasOne Address","time":"2015-07-19T17:10:22.044Z","v":0}
{"name":"main","hostname":"CATHY","pid":9768,"level":20,"msg":"EducatorAddress belongsTo AddressType","time":"2015-07-19T17:10:22.044Z","v":0}
